Unable to capture context for thread 13288 in process 172, can not generate back trace
Unable to capture context for thread 1556 in process 172, can not generate back trace
Exception at PC 0x00007FFB9022BB93
Printing stacktrace...

[0]  [0x00007FFB9022BB93]
[1]  [0x00007FFB9022BB93]
[2]  [0x00007FFB9022B4A1]
[3]  [0x00007FFB9022B3EF]
[4]  [0x00007FFB902119FE]
[5]  [0x00007FFB90210ED1]
[6]  [0x00007FFB90210D76]
[7]  [0x00007FFB901B79F6]
[8]  [0x00007FFB901A7AFB]
[9]  [0x00007FFB902CE90A]
[10]  [0x00007FFB902E9F87]
[11]  [0x00007FFB902EA05F]
[12] (BaseThreadInitThunk+0x14) [0x00007FFC30097034]
[13] (RtlUserThreadStart+0x21) [0x00007FFC31762651]
Done
Exception at PC 0x00007FFB8FF31A52
Attemped to write at address 0x00007FFBD685ABA4
Printing stacktrace...

[0]  [0x00007FFB8FF31A52]
[1]  [0x00007FFB8FF31A52]
[2]  [0x00007FFB8FF31AD4]
[3]  [0x00007FFB90073FF7]
[4]  [0x00007FFB8FF59128]
[5]  [0x00007FFB9020DFB9]
[6]  [0x00007FFB903DEF23]
[7]  [0x00007FFB902EB06B]
[8]  [0x00007FFB902E08AF]
[9]  [0x00007FFB902E0A32]
[10] (RtlActivateActivationContextUnsafeFast+0x11d) [0x00007FFC31729A1D]
[11] (LdrShutdownProcess+0x141) [0x00007FFC3176DB91]
[12] (RtlExitUserProcess+0xad) [0x00007FFC3176DA2D]
[13] (FatalExit+0xb) [0x00007FFC3009E0AB]
[14] (exit+0x85) [0x00007FFC313CA155]
[15] (initterm_e+0x245) [0x00007FFC313CA7C5]
[16]  [0x00000000004014CD]
[17]  [0x000000000040151B]
[18] (BaseThreadInitThunk+0x14) [0x00007FFC30097034]
[19] (RtlUserThreadStart+0x21) [0x00007FFC31762651]
Done
